0 info it worked if it ends with ok
1 verbose cli [ '/usr/local/bin/node', '/usr/local/bin/npm', 'publish' ]
2 info using npm@3.10.10
3 info using node@v6.11.1
4 verbose publish [ '.' ]
5 silly cache add args [ '.', null ]
6 verbose cache add spec .
7 silly cache add parsed spec Result {
7 silly cache add   raw: '.',
7 silly cache add   scope: null,
7 silly cache add   escapedName: null,
7 silly cache add   name: null,
7 silly cache add   rawSpec: '.',
7 silly cache add   spec: '/Users/alexanderkolb/Documents/GitHub/ioBroker.countdown',
7 silly cache add   type: 'directory' }
8 verbose addLocalDirectory /Users/alexanderkolb/.npm/iobroker.countdown/1.0.0/package.tgz not in flight; packing
9 verbose correctMkdir /Users/alexanderkolb/.npm correctMkdir not in flight; initializing
10 info lifecycle iobroker.countdown@1.0.0~prepublish: iobroker.countdown@1.0.0
11 silly lifecycle iobroker.countdown@1.0.0~prepublish: no script for prepublish, continuing
12 verbose tar pack [ '/Users/alexanderkolb/.npm/iobroker.countdown/1.0.0/package.tgz',
12 verbose tar pack   '/Users/alexanderkolb/Documents/GitHub/ioBroker.countdown' ]
13 verbose tarball /Users/alexanderkolb/.npm/iobroker.countdown/1.0.0/package.tgz
14 verbose folder /Users/alexanderkolb/Documents/GitHub/ioBroker.countdown
15 verbose addLocalTarball adding from inside cache /Users/alexanderkolb/.npm/iobroker.countdown/1.0.0/package.tgz
16 verbose correctMkdir /Users/alexanderkolb/.npm correctMkdir not in flight; initializing
17 silly cache afterAdd iobroker.countdown@1.0.0
18 verbose afterAdd /Users/alexanderkolb/.npm/iobroker.countdown/1.0.0/package/package.json not in flight; writing
19 verbose correctMkdir /Users/alexanderkolb/.npm correctMkdir not in flight; initializing
20 verbose afterAdd /Users/alexanderkolb/.npm/iobroker.countdown/1.0.0/package/package.json written
21 silly publish { name: 'iobroker.countdown',
21 silly publish   version: '1.0.0',
21 silly publish   description: 'Countdown',
21 silly publish   main: 'main.js',
21 silly publish   repository:
21 silly publish    { type: 'git',
21 silly publish      url: 'git+https://github.com/jack-blackson/ioBroker.countdown.git' },
21 silly publish   author: { name: 'jack_blackson', email: 'blacksonj7@gmail.com' },
21 silly publish   keywords: [ 'Countdown', 'countdown' ],
21 silly publish   license: 'MIT',
21 silly publish   homepage: 'https://github.com/jack-blackson/ioBroker.countdown',
21 silly publish   bugs: { url: 'https://github.com/jack-blackson/ioBroker.countdown/issues' },
21 silly publish   dependencies:
21 silly publish    { moment: '2.24.0',
21 silly publish      '@iobroker/testing': '^1.2.0',
21 silly publish      '@iobroker/adapter-core': '^1.0.3',
21 silly publish      tableify: '1.1.0' },
21 silly publish   scripts:
21 silly publish    { test: 'npm run test:package && npm run test:unit',
21 silly publish      'test:package': 'mocha test/package --exit',
21 silly publish      'test:unit': 'mocha test/unit --exit',
21 silly publish      'test:integration': 'mocha test/integration --exit' },
21 silly publish   devDependencies: { gulp: '^4.0.2', mocha: '^6.1.4', chai: '^4.2.0' },
21 silly publish   readmeFilename: 'README.md',
21 silly publish   readme: '![Logo](admin/countdown.png)\n# ioBroker.countdown\n=================\n\n[![Greenkeeper badge](https://badges.greenkeeper.io/jack-blackson/ioBroker.countdown.svg)](https://greenkeeper.io/)\n\n[![NPM version](http://img.shields.io/npm/v/iobroker.countdown.svg)](https://www.npmjs.com/package/iobroker.countdown)\n\n**Tests:** [![Build Status Travis](https://travis-ci.com/jack-blackson/ioBroker.countdown.svg?branch=master)](https://travis-ci.com/jack-blackson/ioBroker.countdown) \n\n[![NPM](https://nodei.co/npm/iobroker.countdown.png?downloads=true)](https://nodei.co/npm/iobroker.countdown.png?downloads=true/)\n<!--![Number of Installations](http://iobroker.live/badges/bring-installed.svg) ![Number of Installations](http://iobroker.live/badges/bring-stable.svg) \n[![Downloads](https://img.shields.io/npm/dm/iobroker.bring.svg)](https://www.npmjs.com/package/iobroker.countdown)\n\n-->\n\n\nCountdown Adapter for ioBroker\n------------------------------------------------------------------------------\n\nThe goal of the adapter is to provide you a possibility to run countdowns for future events, with years, months, days, hours and minutes. It will provide you each of those valies seperately, and also two strings with a short and long version of the date.\n\n\n## Displaying countdowns\nThe adapter prowides you automatically a json table. You just need to use it with the json table widged. Please tick "No Header" there. It is possible to either display the short text or the long text.\n![Logo](admin/countdown_json.png)\n\n## How to create countdowns\nThere are two ways to set up countdowns:\n\n* You can create a manual state in the device "setup". The name of the object is the alarm name, and the value will be the date. The date neets to be in the format "DD.MM.YYYY HH:mm:ss".\n* You can create an alarm with sendto. There, you can either send the components (minimum is Year Month Date) or a date string. For the date string, you can adjust the format in the setup of the adapter.\n![Logo](admin/countdown_blocky.png)\n* You can add days, months and years with sendto to todays date. Therefore, please send the component "name" and either "addminutes", "addhours", "adddays", "addmonths" or "addyears" as int value.\n![Logo](admin/countdown_blocky_add.png)\n\n## How to delete countdowns\nYou  can delete a countdown with the sendto. Therefore, send just the name with sendto to the adapter, and the countdown will be deleted automatically.\n\n## Available outputs\n\n|Data type|Description|                                                                       \n|:---:|:---:|\n|minutes|Minutes until countdown end (not total!)|\n|hours|Hours until countdown end (not total!)|\n|days|Days until countdown end (not total!)|\n|months|Months until countdown end (not total!)|\n|years|Years until countdown end (not total!)|\n|name|Countdown name|\n|endDate|End date of count down - formated as in the setup defined|\n|inWordsShort|Combined value of minutes, hours,... - e.g. 1Y 5M 4D|\n|inWordsLong|Combined value of minutes, hours,... - e.g. 1 Year 5 Months 4 Days|\n|totalHours|Total No. of hours until the end date|\n|totalDays|Total No. of days until the end date|\n|totalWeeks|Total No. of weeks until the end date|\n|reached|Boolean field defining if the end date was reached or not|\n\n## Features to add\n* Possibility to add a script as a parameter and start it when countdown ends\n* Possibility to use plus and minus in addminutes and the other add functions\n\n## Changelog\n### 0.1.0 (2019-04-29)\n* (jack-blackson) initial version\n\n### 0.2.0 (2019-05-21)\n* (jack-blackson) adjusted packages\n\n### 0.3.0 (2019-05-24)\n* (jack-blackson) added total No. of days and hours\n\n### 0.4.0 (2019-06-04)\n* (jack-blackson) restructuring - creation of alarms with sendto or manually with datapoint is now possible\n\n## 0.5.0 (2019-07-04)\n* (jack-blackson) adjust the data in the table\n* (jack-blackson) bugfix date import \n\n## 0.6.0 (2019-07-06)\n* (jack-blackson) adjustable date format for input and output\n* (jack-blackson) delete countdowns with sendto\n* (jack-blackson) ability to add countdowns by "days/months/weeks from now)\n\n## 0.7.0 (2019-07-07)\n* (jack-blackson) Bugfixes\n* (jack-blackson) addminutes and addhours are now also possible\n* (jack-blackson) datapoint in setup is now editable\n* (jack-blackson) added total no. of weeks\n\n## 1.0.0 (2019-07-21)\n* (jack-blackson) Release version\n\n\n## License\nThe MIT License (MIT)\n\nCopyright (c) 2019 jack-blackson <blacksonj7@gmail.com>\n\nPermission is hereby granted, free of charge, to any person obtaining a copy\nof this software and associated documentation files (the "Software"), to deal\nin the Software without restriction, including without limitation the rights\nto use, copy, modify, merge, publish, distribute, sublicense, and/or sell\ncopies of the Software, and to permit persons to whom the Software is\nfurnished to do so, subject to the following conditions:\n\nThe above copyright notice and this permission notice shall be included in\nall copies or substantial portions of the Software.\n\nTHE SOFTWARE IS PROVIDED "AS IS", WITHOUT WARRANTY OF ANY KIND, EXPRESS OR\nIMPLIED, INCLUDING BUT NOT LIMITED TO THE WARRANTIES OF MERCHANTABILITY,\nFITNESS FOR A PARTICULAR PURPOSE AND NONINFRINGEMENT. IN NO EVENT SHALL THE\nAUTHORS OR COPYRIGHT HOLDERS BE LIABLE FOR ANY CLAIM, DAMAGES OR OTHER\nLIABILITY, WHETHER IN AN ACTION OF CONTRACT, TORT OR OTHERWISE, ARISING FROM,\nOUT OF OR IN CONNECTION WITH THE SOFTWARE OR THE USE OR OTHER DEALINGS IN\nTHE SOFTWARE.',
21 silly publish   gitHead: 'cb67c21632b0cc5ee8c37ec650ac0b9f6c7c785f',
21 silly publish   _id: 'iobroker.countdown@1.0.0',
21 silly publish   _shasum: '4552b273c1dd0dcd4f4800e9697de00a4913d2a1',
21 silly publish   _from: '.' }
22 verbose getPublishConfig undefined
23 silly mapToRegistry name iobroker.countdown
24 silly mapToRegistry using default registry
25 silly mapToRegistry registry https://registry.npmjs.org/
26 silly mapToRegistry data Result {
26 silly mapToRegistry   raw: 'iobroker.countdown',
26 silly mapToRegistry   scope: null,
26 silly mapToRegistry   escapedName: 'iobroker.countdown',
26 silly mapToRegistry   name: 'iobroker.countdown',
26 silly mapToRegistry   rawSpec: '',
26 silly mapToRegistry   spec: 'latest',
26 silly mapToRegistry   type: 'tag' }
27 silly mapToRegistry uri https://registry.npmjs.org/iobroker.countdown
28 verbose publish registryBase https://registry.npmjs.org/
29 silly publish uploading /Users/alexanderkolb/.npm/iobroker.countdown/1.0.0/package.tgz
30 verbose request uri https://registry.npmjs.org/iobroker.countdown
31 verbose request sending authorization for write operation
32 info attempt registry request try #1 at 19:54:43
33 verbose request using bearer token for auth
34 verbose request id 25d0402d4ec58f33
35 http request PUT https://registry.npmjs.org/iobroker.countdown
36 http 403 https://registry.npmjs.org/iobroker.countdown
37 verbose headers { date: 'Sun, 21 Jul 2019 17:54:44 GMT',
37 verbose headers   'content-type': 'application/json',
37 verbose headers   'transfer-encoding': 'chunked',
37 verbose headers   connection: 'keep-alive',
37 verbose headers   'set-cookie': [ '__cfduid=d6c92e886937c3cdf6b6dcd6fd3245a631563731683; expires=Mon, 20-Jul-20 17:54:43 GMT; path=/; domain=.npmjs.org; HttpOnly' ],
37 verbose headers   'cf-ray': '4f9f0ab07e055988-VIE',
37 verbose headers   'expect-ct': 'max-age=604800, report-uri="https://report-uri.cloudflare.com/cdn-cgi/beacon/expect-ct"',
37 verbose headers   vary: 'Accept-Encoding',
37 verbose headers   server: 'cloudflare',
37 verbose headers   'content-encoding': 'gzip' }
38 verbose request invalidating /Users/alexanderkolb/.npm/registry.npmjs.org/iobroker.countdown on PUT
39 error publish Failed PUT 403
40 verbose stack Error: You cannot publish over the previously published versions: 1.0.0. : iobroker.countdown
40 verbose stack     at makeError (/usr/local/lib/node_modules/npm/node_modules/npm-registry-client/lib/request.js:302:12)
40 verbose stack     at CachingRegistryClient.<anonymous> (/usr/local/lib/node_modules/npm/node_modules/npm-registry-client/lib/request.js:290:14)
40 verbose stack     at /usr/local/lib/node_modules/npm/node_modules/npm-registry-client/lib/request.js:216:7
40 verbose stack     at Gunzip.onEnd (zlib.js:227:5)
40 verbose stack     at emitNone (events.js:91:20)
40 verbose stack     at Gunzip.emit (events.js:185:7)
40 verbose stack     at endReadableNT (_stream_readable.js:974:12)
40 verbose stack     at _combinedTickCallback (internal/process/next_tick.js:80:11)
40 verbose stack     at process._tickCallback (internal/process/next_tick.js:104:9)
41 verbose statusCode 403
42 verbose pkgid iobroker.countdown
43 verbose cwd /Users/alexanderkolb/Documents/GitHub/ioBroker.countdown
44 error Darwin 18.6.0
45 error argv "/usr/local/bin/node" "/usr/local/bin/npm" "publish"
46 error node v6.11.1
47 error npm  v3.10.10
48 error code E403
49 error You cannot publish over the previously published versions: 1.0.0. : iobroker.countdown
50 error If you need help, you may report this error at:
50 error     <https://github.com/npm/npm/issues>
51 verbose exit [ 1, true ]
